
[1G[0Kâ ™[1G[0Kâ ¹[1G[0Kâ ¸[1G[0Kâ ¼[1G[0K
> @cellix/mock-oauth2-server@1.0.0 prebuild
> biome lint

[1G[0Kâ ¼[1G[0K[0msrc/index.ts[0m[0m:[0m[0m18[0m[0m:[0m[0m14[0m[0m [0m[0m]8;;https://biomejs.dev/linter/rules/use-literal-keys\lint/complexity/useLiteralKeys]8;;\[0m[0m [0m[0m[30m[47m FIXABLE [0m[0m [0m[0mâ”â”â”â”â”â”â”â”â”â”â”â”â”â”â”â”â”â”â”â”â”â”â”â”â”â”â”â”â”â”â”â”â”â”â”â”â”â”â”â”â”â”â”â”â”â”â”â”â”â”â”â”â”â”â”â”â”â”â”â”â”â”â”â”â”â”â”â”â”â”â”â”â”â”â”â”â”â”â”â”â”â”â”â”â”â”â”â”â”â”â”â”â”â”â”â”â”â”â”â”â”â”â”â”â”â”â”â”â”â”â”â”â”â”â”â”â”â”â”â”[0m[0m

[0m[0m  [0m[0m[1m[34mâ„¹[0m[0m [0m[0m[34mThe computed expression can be simplified without the use of a string literal.[0m[0m
[0m[0m  [0m[0m
[0m[0m  [0m[0m  [0m[0m[1m16 â”‚ [0m[0m/[0m[0m/[0m[0m [0m[0mb[0m[0mi[0m[0mo[0m[0mm[0m[0me[0m[0m-[0m[0mi[0m[0mg[0m[0mn[0m[0mo[0m[0mr[0m[0me[0m[0m [0m[0ml[0m[0mi[0m[0mn[0m[0mt[0m[0m:[0m[0mu[0m[0ms[0m[0me[0m[0mL[0m[0mi[0m[0mt[0m[0me[0m[0mr[0m[0ma[0m[0ml[0m[0mK[0m[0me[0m[0my[0m[0ms[0m[0m
[0m[0m  [0m[0m  [0m[0m[1m17 â”‚ [0m[0mc[0m[0mo[0m[0mn[0m[0ms[0m[0mt[0m[0m [0m[0ma[0m[0ml[0m[0ml[0m[0mo[0m[0mw[0m[0me[0m[0md[0m[0mR[0m[0me[0m[0md[0m[0mi[0m[0mr[0m[0me[0m[0mc[0m[0mt[0m[0mU[0m[0mr[0m[0mi[0m[0m [0m[0m=[0m[0m
[0m[0m  [0m[0m[1m[31m>[0m[0m [0m[0m[1m18 â”‚ [0m[0m	[0m[0mp[0m[0mr[0m[0mo[0m[0mc[0m[0me[0m[0ms[0m[0ms[0m[0m.[0m[0me[0m[0mn[0m[0mv[0m[0m[[0m[0m'[0m[0mA[0m[0mL[0m[0mL[0m[0mO[0m[0mW[0m[0mE[0m[0mD[0m[0m_[0m[0mR[0m[0mE[0m[0mD[0m[0mI[0m[0mR[0m[0mE[0m[0mC[0m[0mT[0m[0m_[0m[0mU[0m[0mR[0m[0mI[0m[0m'[0m[0m][0m[0m [0m[0m|[0m[0m|[0m[0m [0m[0m'[0m[0mh[0m[0mt[0m[0mt[0m[0mp[0m[0m:[0m[0m/[0m[0m/[0m[0ml[0m[0mo[0m[0mc[0m[0ma[0m[0ml[0m[0mh[0m[0mo[0m[0ms[0m[0mt[0m[0m:[0m[0m3[0m[0m0[0m[0m0[0m[0m0[0m[0m/[0m[0ma[0m[0mu[0m[0mt[0m[0mh[0m[0m-[0m[0mr[0m[0me[0m[0md[0m[0mi[0m[0mr[0m[0me[0m[0mc[0m[0mt[0m[0m'[0m[0m;[0m[0m
[0m[0m  [0m[0m [0m[0m [0m[0m[1m   â”‚ [0m[0m	[0m[0m [0m[0m [0m[0m [0m[0m [0m[0m [0m[0m [0m[0m [0m[0m [0m[0m [0m[0m [0m[0m [0m[0m [0m[0m[1m[31m^[0m[0m[1m[31m^[0m[0m[1m[31m^[0m[0m[1m[31m^[0m[0m[1m[31m^[0m[0m[1m[31m^[0m[0m[1m[31m^[0m[0m[1m[31m^[0m[0m[1m[31m^[0m[0m[1m[31m^[0m[0m[1m[31m^[0m[0m[1m[31m^[0m[0m[1m[31m^[0m[0m[1m[31m^[0m[0m[1m[31m^[0m[0m[1m[31m^[0m[0m[1m[31m^[0m[0m[1m[31m^[0m[0m[1m[31m^[0m[0m[1m[31m^[0m[0m[1m[31m^[0m[0m[1m[31m^[0m[0m
[0m[0m  [0m[0m  [0m[0m[1m19 â”‚ [0m[0mc[0m[0mo[0m[0mn[0m[0ms[0m[0mt[0m[0m [0m[0ma[0m[0mu[0m[0md[0m[0m [0m[0m=[0m[0m [0m[0ma[0m[0ml[0m[0ml[0m[0mo[0m[0mw[0m[0me[0m[0md[0m[0mR[0m[0me[0m[0md[0m[0mi[0m[0mr[0m[0me[0m[0mc[0m[0mt[0m[0mU[0m[0mr[0m[0mi[0m[0m;[0m[0m
[0m[0m  [0m[0m  [0m[0m[1m20 â”‚ [0m[0m/[0m[0m/[0m[0m [0m[0mT[0m[0my[0m[0mp[0m[0me[0m[0m [0m[0mf[0m[0mo[0m[0mr[0m[0m [0m[0mu[0m[0ms[0m[0me[0m[0mr[0m[0m [0m[0mp[0m[0mr[0m[0mo[0m[0mf[0m[0mi[0m[0ml[0m[0me[0m[0m [0m[0mu[0m[0ms[0m[0me[0m[0md[0m[0m [0m[0mi[0m[0mn[0m[0m [0m[0mt[0m[0mo[0m[0mk[0m[0me[0m[0mn[0m[0m [0m[0mc[0m[0ml[0m[0ma[0m[0mi[0m[0mm[0m[0ms[0m[0m
[0m[0m  [0m[0m
[0m[0m  [0m[0m[1m[34mâ„¹[0m[0m [0m[0m[34mUnsafe fix: Use a literal key instead.[0m[0m
[0m[0m  [0m[0m
[0m[0m  [0m[0m  [0m[0m[1m 16[0m[0m [0m[0m[1m 16[0m[0m[1m â”‚ [0m[0m [0m[0m [0m[0m/[0m[0m/[0m[0m [0m[0mb[0m[0mi[0m[0mo[0m[0mm[0m[0me[0m[0m-[0m[0mi[0m[0mg[0m[0mn[0m[0mo[0m[0mr[0m[0me[0m[0m [0m[0ml[0m[0mi[0m[0mn[0m[0mt[0m[0m:[0m[0mu[0m[0ms[0m[0me[0m[0mL[0m[0mi[0m[0mt[0m[0me[0m[0mr[0m[0ma[0m[0ml[0m[0mK[0m[0me[0m[0my[0m[0ms[0m[0m
[0m[0m  [0m[0m  [0m[0m[1m 17[0m[0m [0m[0m[1m 17[0m[0m[1m â”‚ [0m[0m [0m[0m [0m[0mc[0m[0mo[0m[0mn[0m[0ms[0m[0mt[0m[0m [0m[0ma[0m[0ml[0m[0ml[0m[0mo[0m[0mw[0m[0me[0m[0md[0m[0mR[0m[0me[0m[0md[0m[0mi[0m[0mr[0m[0me[0m[0mc[0m[0mt[0m[0mU[0m[0mr[0m[0mi[0m[0m [0m[0m=[0m[0m
[0m[0m  [0m[0m  [0m[0m[1m 18[0m[0m [0m[0m [0m[0m [0m[0m [0m[0m[1m â”‚ [0m[0m[31m-[0m[0m [0m[0m[2m[31mâ†’ [0m[0m[1m[31mp[0m[0m[1m[31mr[0m[0m[1m[31mo[0m[0m[1m[31mc[0m[0m[1m[31me[0m[0m[1m[31ms[0m[0m[1m[31ms[0m[0m[1m[31m.[0m[0m[1m[31me[0m[0m[1m[31mn[0m[0m[1m[31mv[0m[0m[1m[31m[[0m[0m[1m[31m'[0m[0m[1m[31mA[0m[0m[1m[31mL[0m[0m[1m[31mL[0m[0m[1m[31mO[0m[0m[1m[31mW[0m[0m[1m[31mE[0m[0m[1m[31mD[0m[0m[1m[31m_[0m[0m[1m[31mR[0m[0m[1m[31mE[0m[0m[1m[31mD[0m[0m[1m[31mI[0m[0m[1m[31mR[0m[0m[1m[31mE[0m[0m[1m[31mC[0m[0m[1m[31mT[0m[0m[1m[31m_[0m[0m[1m[31mU[0m[0m[1m[31mR[0m[0m[1m[31mI[0m[0m[1m[31m'[0m[0m[1m[31m][0m[0m[2m[31mÂ·[0m[0m[31m|[0m[0m[31m|[0m[0m[2m[31mÂ·[0m[0m[31m'[0m[0m[31mh[0m[0m[31mt[0m[0m[31mt[0m[0m[31mp[0m[0m[31m:[0m[0m[31m/[0m[0m[31m/[0m[0m[31ml[0m[0m[31mo[0m[0m[31mc[0m[0m[31ma[0m[0m[31ml[0m[0m[31mh[0m[0m[31mo[0m[0m[31ms[0m[0m[31mt[0m[0m[31m:[0m[0m[31m3[0m[0m[31m0[0m[0m[31m0[0m[0m[31m0[0m[0m[31m/[0m[0m[31ma[0m[0m[31mu[0m[0m[31mt[0m[0m[31mh[0m[0m[31m-[0m[0m[31mr[0m[0m[31me[0m[0m[31md[0m[0m[31mi[0m[0m[31mr[0m[0m[31me[0m[0m[31mc[0m[0m[31mt[0m[0m[31m'[0m[0m[31m;[0m[0m
[0m[0m  [0m[0m  [0m[0m [0m[0m [0m[0m [0m[0m [0m[0m[1m 18[0m[0m[1m â”‚ [0m[0m[32m+[0m[0m [0m[0m[2m[32mâ†’ [0m[0m[1m[32mp[0m[0m[1m[32mr[0m[0m[1m[32mo[0m[0m[1m[32mc[0m[0m[1m[32me[0m[0m[1m[32ms[0m[0m[1m[32ms[0m[0m[1m[32m.[0m[0m[1m[32me[0m[0m[1m[32mn[0m[0m[1m[32mv[0m[0m[1m[32m.[0m[0m[1m[32mA[0m[0m[1m[32mL[0m[0m[1m[32mL[0m[0m[1m[32mO[0m[0m[1m[32mW[0m[0m[1m[32mE[0m[0m[1m[32mD[0m[0m[1m[32m_[0m[0m[1m[32mR[0m[0m[1m[32mE[0m[0m[1m[32mD[0m[0m[1m[32mI[0m[0m[1m[32mR[0m[0m[1m[32mE[0m[0m[1m[32mC[0m[0m[1m[32mT[0m[0m[1m[32m_[0m[0m[1m[32mU[0m[0m[1m[32mR[0m[0m[1m[32mI[0m[0m[2m[32mÂ·[0m[0m[32m|[0m[0m[32m|[0m[0m[2m[32mÂ·[0m[0m[32m'[0m[0m[32mh[0m[0m[32mt[0m[0m[32mt[0m[0m[32mp[0m[0m[32m:[0m[0m[32m/[0m[0m[32m/[0m[0m[32ml[0m[0m[32mo[0m[0m[32mc[0m[0m[32ma[0m[0m[32ml[0m[0m[32mh[0m[0m[32mo[0m[0m[32ms[0m[0m[32mt[0m[0m[32m:[0m[0m[32m3[0m[0m[32m0[0m[0m[32m0[0m[0m[32m0[0m[0m[32m/[0m[0m[32ma[0m[0m[32mu[0m[0m[32mt[0m[0m[32mh[0m[0m[32m-[0m[0m[32mr[0m[0m[32me[0m[0m[32md[0m[0m[32mi[0m[0m[32mr[0m[0m[32me[0m[0m[32mc[0m[0m[32mt[0m[0m[32m'[0m[0m[32m;[0m[0m
[0m[0m  [0m[0m  [0m[0m[1m 19[0m[0m [0m[0m[1m 19[0m[0m[1m â”‚ [0m[0m [0m[0m [0m[0mc[0m[0mo[0m[0mn[0m[0ms[0m[0mt[0m[0m [0m[0ma[0m[0mu[0m[0md[0m[0m [0m[0m=[0m[0m [0m[0ma[0m[0ml[0m[0ml[0m[0mo[0m[0mw[0m[0me[0m[0md[0m[0mR[0m[0me[0m[0md[0m[0mi[0m[0mr[0m[0me[0m[0mc[0m[0mt[0m[0mU[0m[0mr[0m[0mi[0m[0m;[0m[0m
[0m[0m  [0m[0m  [0m[0m[1m 20[0m[0m [0m[0m[1m 20[0m[0m[1m â”‚ [0m[0m [0m[0m [0m[0m/[0m[0m/[0m[0m [0m[0mT[0m[0my[0m[0mp[0m[0me[0m[0m [0m[0mf[0m[0mo[0m[0mr[0m[0m [0m[0mu[0m[0ms[0m[0me[0m[0mr[0m[0m [0m[0mp[0m[0mr[0m[0mo[0m[0mf[0m[0mi[0m[0ml[0m[0me[0m[0m [0m[0mu[0m[0ms[0m[0me[0m[0md[0m[0m [0m[0mi[0m[0mn[0m[0m [0m[0mt[0m[0mo[0m[0mk[0m[0me[0m[0mn[0m[0m [0m[0mc[0m[0ml[0m[0ma[0m[0mi[0m[0mm[0m[0ms[0m[0m
[0m[0m  [0m[0m
[0m
[0msrc/index.ts[0m[0m:[0m[0m16[0m[0m:[0m[0m1[0m[0m [0m[0msuppressions/unused[0m[0m [0m[0mâ”â”â”â”â”â”â”â”â”â”â”â”â”â”â”â”â”â”â”â”â”â”â”â”â”â”â”â”â”â”â”â”â”â”â”â”â”â”â”â”â”â”â”â”â”â”â”â”â”â”â”â”â”â”â”â”â”â”â”â”â”â”â”â”â”â”â”â”â”â”â”â”â”â”â”â”â”â”â”â”â”â”â”â”â”â”â”â”â”â”â”â”â”â”â”â”â”â”â”â”â”â”â”â”â”â”â”â”â”â”â”â”â”â”â”â”â”â”â”â”â”â”â”â”â”â”â”â”â”â”â”â”â”â”â”â”â”â”â”â”â”â”[0m[0m

[0m[0m  [0m[0m[1m[33mâš [0m[0m [0m[0m[33mSuppression comment has no effect. Remove the suppression or make sure you are suppressing the correct rule.[0m[0m
[0m[0m  [0m[0m
[0m[0m  [0m[0m  [0m[0m[1m14 â”‚ [0m[0ma[0m[0mp[0m[0mp[0m[0m.[0m[0md[0m[0mi[0m[0ms[0m[0ma[0m[0mb[0m[0ml[0m[0me[0m[0m([0m[0m'[0m[0mx[0m[0m-[0m[0mp[0m[0mo[0m[0mw[0m[0me[0m[0mr[0m[0me[0m[0md[0m[0m-[0m[0mb[0m[0my[0m[0m'[0m[0m)[0m[0m;[0m[0m
[0m[0m  [0m[0m  [0m[0m[1m15 â”‚ [0m[0mc[0m[0mo[0m[0mn[0m[0ms[0m[0mt[0m[0m [0m[0mp[0m[0mo[0m[0mr[0m[0mt[0m[0m [0m[0m=[0m[0m [0m[0m4[0m[0m0[0m[0m0[0m[0m0[0m[0m;[0m[0m
[0m[0m  [0m[0m[1m[31m>[0m[0m [0m[0m[1m16 â”‚ [0m[0m/[0m[0m/[0m[0m [0m[0mb[0m[0mi[0m[0mo[0m[0mm[0m[0me[0m[0m-[0m[0mi[0m[0mg[0m[0mn[0m[0mo[0m[0mr[0m[0me[0m[0m [0m[0ml[0m[0mi[0m[0mn[0m[0mt[0m[0m:[0m[0mu[0m[0ms[0m[0me[0m[0mL[0m[0mi[0m[0mt[0m[0me[0m[0mr[0m[0ma[0m[0ml[0m[0mK[0m[0me[0m[0my[0m[0ms[0m[0m
[0m[0m  [0m[0m [0m[0m [0m[0m[1m   â”‚ [0m[0m[1m[31m^[0m[0m[1m[31m^[0m[0m[1m[31m^[0m[0m[1m[31m^[0m[0m[1m[31m^[0m[0m[1m[31m^[0m[0m[1m[31m^[0m[0m[1m[31m^[0m[0m[1m[31m^[0m[0m[1m[31m^[0m[0m[1m[31m^[0m[0m[1m[31m^[0m[0m[1m[31m^[0m[0m[1m[31m^[0m[0m[1m[31m^[0m[0m[1m[31m^[0m[0m[1m[31m^[0m[0m[1m[31m^[0m[0m[1m[31m^[0m[0m[1m[31m^[0m[0m[1m[31m^[0m[0m[1m[31m^[0m[0m[1m[31m^[0m[0m[1m[31m^[0m[0m[1m[31m^[0m[0m[1m[31m^[0m[0m[1m[31m^[0m[0m[1m[31m^[0m[0m[1m[31m^[0m[0m[1m[31m^[0m[0m[1m[31m^[0m[0m[1m[31m^[0m[0m[1m[31m^[0m[0m[1m[31m^[0m[0m[1m[31m^[0m[0m
[0m[0m  [0m[0m  [0m[0m[1m17 â”‚ [0m[0mc[0m[0mo[0m[0mn[0m[0ms[0m[0mt[0m[0m [0m[0ma[0m[0ml[0m[0ml[0m[0mo[0m[0mw[0m[0me[0m[0md[0m[0mR[0m[0me[0m[0md[0m[0mi[0m[0mr[0m[0me[0m[0mc[0m[0mt[0m[0mU[0m[0mr[0m[0mi[0m[0m [0m[0m=[0m[0m
[0m[0m  [0m[0m  [0m[0m[1m18 â”‚ [0m[0m	[0m[0mp[0m[0mr[0m[0mo[0m[0mc[0m[0me[0m[0ms[0m[0ms[0m[0m.[0m[0me[0m[0mn[0m[0mv[0m[0m[[0m[0m'[0m[0mA[0m[0mL[0m[0mL[0m[0mO[0m[0mW[0m[0mE[0m[0mD[0m[0m_[0m[0mR[0m[0mE[0m[0mD[0m[0mI[0m[0mR[0m[0mE[0m[0mC[0m[0mT[0m[0m_[0m[0mU[0m[0mR[0m[0mI[0m[0m'[0m[0m][0m[0m [0m[0m|[0m[0m|[0m[0m [0m[0m'[0m[0mh[0m[0mt[0m[0mt[0m[0mp[0m[0m:[0m[0m/[0m[0m/[0m[0ml[0m[0mo[0m[0mc[0m[0ma[0m[0ml[0m[0mh[0m[0mo[0m[0ms[0m[0mt[0m[0m:[0m[0m3[0m[0m0[0m[0m0[0m[0m0[0m[0m/[0m[0ma[0m[0mu[0m[0mt[0m[0mh[0m[0m-[0m[0mr[0m[0me[0m[0md[0m[0mi[0m[0mr[0m[0me[0m[0mc[0m[0mt[0m[0m'[0m[0m;[0m[0m
[0m[0m  [0m[0m
[0m
[0m[34mChecked [0m[0m[34m5[0m[0m[34m [0m[0m[34mfiles[0m[0m[34m in [0m[0m[34m96[0m[0m[2m[34mms[0m[0m[34m.[0m[0m[34m No fixes applied.[0m[0m
[0m[0m[33mFound [0m[0m[33m1[0m[0m[33m warning.[0m
[1G[0Kâ ™[1G[0K
> @cellix/mock-oauth2-server@1.0.0 build
> tsc --build

[1G[0Kâ ™[1G[0K[1G[0Kâ ™[1G[0K
